<?xml version="1.0" encoding="UTF-8"?>
<!-- Generated by org.testng.reporters.JUnitXMLReporter -->
<testsuite hostname="RIPLBRD48" ignored="0" name="Test" tests="4" failures="0" timestamp="22 Nov 2018 05:40:21 GMT" time="41.908" errors="0">
  <testcase name="LoginWithValidEmailIdAndPassword" time="13.138" classname="TSC.TSC_Framework_ServiceProvider.serviceproviderlogin"/>
  <testcase name="LoginWithEmailFieldBlank" time="7.684" classname="TSC.TSC_Framework_ServiceProvider.serviceproviderlogin"/>
  <testcase name="LoginWithPasswordFieldBlank" time="5.535" classname="TSC.TSC_Framework_ServiceProvider.serviceproviderlogin"/>
  <testcase name="LoginWithInvalidIdAndPassword" time="8.533" classname="TSC.TSC_Framework_ServiceProvider.serviceproviderlogin"/>
</testsuite> <!-- Test -->
