<?xml version="1.0" encoding="UTF-8"?>
<!-- Generated by org.testng.reporters.JUnitXMLReporter -->
<testsuite hostname="RIPLBRD48" ignored="0" name="Test" tests="8" failures="0" timestamp="05 Apr 2019 09:19:37 GMT" time="274.369" errors="0">
  <testcase name="ServiceProviderMyClientsAddMyClient" time="62.582" classname="TSC_Framework_AllTestCase.ServiceProvider_Testcase"/>
  <testcase name="DashboardAndSearchJobSeeker" time="26.314" classname="TSC_Framework_AllTestCase.ServiceProvider_Testcase"/>
  <testcase name="ManageBranches" time="15.427" classname="TSC_Framework_AllTestCase.ServiceProvider_Testcase"/>
  <testcase name="ServiceProviderManageEmployees" time="17.254" classname="TSC_Framework_AllTestCase.ServiceProvider_Testcase"/>
  <testcase name="ServiceProviderMyInvitee" time="15.376" classname="TSC_Framework_AllTestCase.ServiceProvider_Testcase"/>
  <testcase name="ServiceProviderOtherSearch" time="20.11" classname="TSC_Framework_AllTestCase.ServiceProvider_Testcase"/>
  <testcase name="ServiceProviderProfileUpdate" time="10.965" classname="TSC_Framework_AllTestCase.ServiceProvider_Testcase"/>
  <testcase name="Logout" time="27.115" classname="TSC_Framework_AllTestCase.ServiceProvider_Testcase"/>
</testsuite> <!-- Test -->
