<?xml version="1.0" encoding="UTF-8"?>
<!-- Generated by org.testng.reporters.JUnitXMLReporter -->
<testsuite hostname="RIPLBRD48" ignored="0" name="ServiceProvider login" tests="4" failures="0" timestamp="28 Dec 2018 07:28:07 GMT" time="64.055" errors="0">
  <testcase name="LoginWithValidEmailIdAndPassword" time="18.048" classname="TSC.TSC_Framework_ServiceProvider.serviceproviderlogin"/>
  <testcase name="LoginWithEmailFieldBlank" time="17.188" classname="TSC.TSC_Framework_ServiceProvider.serviceproviderlogin"/>
  <testcase name="LoginWithPasswordFieldBlank" time="5.213" classname="TSC.TSC_Framework_ServiceProvider.serviceproviderlogin"/>
  <testcase name="LoginWithInvalidIdAndPassword" time="8.109" classname="TSC.TSC_Framework_ServiceProvider.serviceproviderlogin"/>
</testsuite> <!-- ServiceProvider login -->
