<?xml version="1.0" encoding="UTF-8"?>
<!-- Generated by org.testng.reporters.JUnitXMLReporter -->
<testsuite hostname="RIPLBRD48" ignored="0" name="ServiceProvider othersearch" tests="2" failures="0" timestamp="28 Dec 2018 07:32:36 GMT" time="66.908" errors="0">
  <testcase name="ServiceProviderOtherSearch" time="26.94" classname="TSC.TSC_Framework_ServiceProvider.serviceproviderprofile_OtherSearch"/>
  <testcase name="ServiceProviderProfileUpdate" time="19.966" classname="TSC.TSC_Framework_ServiceProvider.serviceproviderprofile_OtherSearch"/>
</testsuite> <!-- ServiceProvider othersearch -->
