<?xml version="1.0" encoding="UTF-8"?>
<!-- Generated by org.testng.reporters.JUnitXMLReporter -->
<testsuite hostname="RIPLBRD48" ignored="0" name="Default test" tests="7" failures="0" timestamp="17 Apr 2019 10:47:51 GMT" time="146.053" errors="0">
  <testcase name="View_UploadJob_Edit_close" time="24.375" classname="TSC_Framework_AllTestCase.Employee_TestCase"/>
  <testcase name="EmpLoginandOtherSearch" time="15.518" classname="TSC_Framework_AllTestCase.Employee_TestCase"/>
  <testcase name="EmpLoginJobsupportingfileupload" time="11.03" classname="TSC_Framework_AllTestCase.Employee_TestCase"/>
  <testcase name="EmpLoginandsearchforJobseeker" time="10.665" classname="TSC_Framework_AllTestCase.Employee_TestCase"/>
  <testcase name="EmpprofileviewJobs" time="23.131" classname="TSC_Framework_AllTestCase.Employee_TestCase"/>
  <testcase name="ViewOpenJob_Remove" time="7.535" classname="TSC_Framework_AllTestCase.Employee_TestCase"/>
  <testcase name="Logout" time="16.387" classname="TSC_Framework_AllTestCase.Employee_TestCase"/>
</testsuite> <!-- Default test -->
