<?xml version="1.0" encoding="UTF-8"?>
<!-- Generated by org.testng.reporters.JUnitXMLReporter -->
<testsuite hostname="RIPLBRD48" ignored="0" name="Test" tests="4" failures="0" timestamp="22 Nov 2018 05:37:27 GMT" time="45.187" errors="0">
  <testcase name="EmpLoginWithValidIdAndPassword" time="14.006" classname="TSC_Framework_Employer.employeeLoginwithvaldn$EmployeeLogin"/>
  <testcase name="EmpLoginWithEmailFieldBlank" time="6.5" classname="TSC_Framework_Employer.employeeLoginwithvaldn$EmployeeLogin"/>
  <testcase name="EmpLoginWithPasswordFieldBlank" time="9.409" classname="TSC_Framework_Employer.employeeLoginwithvaldn$EmployeeLogin"/>
  <testcase name="EmpLoginWithInvalidIdAndPassword" time="8.57" classname="TSC_Framework_Employer.employeeLoginwithvaldn$EmployeeLogin"/>
</testsuite> <!-- Test -->
