<?xml version="1.0" encoding="UTF-8"?>
<!-- Generated by org.testng.reporters.JUnitXMLReporter -->
<testsuite hostname="RIPLBRD48" ignored="0" name="employee" tests="7" failures="0" timestamp="08 Apr 2019 07:56:57 GMT" time="135.124" errors="0">
  <testcase name="View_UploadJob_Edit_close" time="24.308" classname="TSC_Framework_AllTestCase.Employee_TestCase"/>
  <testcase name="EmpLoginandOtherSearch" time="15.289" classname="TSC_Framework_AllTestCase.Employee_TestCase"/>
  <testcase name="EmpLoginJobsupportingfileupload" time="10.837" classname="TSC_Framework_AllTestCase.Employee_TestCase"/>
  <testcase name="EmpLoginandsearchforJobseeker" time="9.388" classname="TSC_Framework_AllTestCase.Employee_TestCase"/>
  <testcase name="EmpprofileviewJobs" time="23.05" classname="TSC_Framework_AllTestCase.Employee_TestCase"/>
  <testcase name="ViewOpenJob_Remove" time="7.554" classname="TSC_Framework_AllTestCase.Employee_TestCase"/>
  <testcase name="Logout" time="17.785" classname="TSC_Framework_AllTestCase.Employee_TestCase"/>
</testsuite> <!-- employee -->
