<?xml version="1.0" encoding="UTF-8"?>
<!-- Generated by org.testng.reporters.JUnitXMLReporter -->
<testsuite hostname="RIPLBRD48" ignored="0" name="Jobseeker_Testcase" tests="5" failures="0" timestamp="08 Apr 2019 07:50:12 GMT" time="97.261" errors="0">
  <testcase name="Myprofile" time="3.417" classname="TSC_Framework_AllTestCase.JobSeeker_TestCase"/>
  <testcase name="JobSeekerBasicInforamtion" time="17.42" classname="TSC_Framework_AllTestCase.JobSeeker_TestCase"/>
  <testcase name="JobSeekerMyServiceProvider" time="19.952" classname="TSC_Framework_AllTestCase.JobSeeker_TestCase"/>
  <testcase name="inviteee" time="10.175" classname="TSC_Framework_AllTestCase.JobSeeker_TestCase"/>
  <testcase name="Logout" time="12.129" classname="TSC_Framework_AllTestCase.JobSeeker_TestCase"/>
</testsuite> <!-- Jobseeker_Testcase -->
