<?xml version="1.0" encoding="UTF-8"?>
<!-- Generated by org.testng.reporters.JUnitXMLReporter -->
<testsuite hostname="RIPLBRD48" ignored="0" name="loginwithValidation" tests="4" failures="0" timestamp="08 Apr 2019 04:54:11 GMT" time="101.982" errors="0">
  <testcase name="EmpLoginWithValidIdAndPassword" time="63.997" classname="TSC_Framework_Employer.employeeLoginwithvaldn$EmployeeLogin"/>
  <testcase name="EmpLoginWithEmailFieldBlank" time="11.065" classname="TSC_Framework_Employer.employeeLoginwithvaldn$EmployeeLogin"/>
  <testcase name="EmpLoginWithPasswordFieldBlank" time="8.083" classname="TSC_Framework_Employer.employeeLoginwithvaldn$EmployeeLogin"/>
  <testcase name="EmpLoginWithInvalidIdAndPassword" time="10.47" classname="TSC_Framework_Employer.employeeLoginwithvaldn$EmployeeLogin"/>
</testsuite> <!-- loginwithValidation -->
