<?xml version="1.0" encoding="UTF-8"?>
<!-- Generated by org.testng.reporters.JUnitXMLReporter -->
<testsuite hostname="RIPLBRD48" ignored="0" name="Test" tests="2" failures="0" timestamp="03 Dec 2018 09:10:24 GMT" time="61.771" errors="0">
  <testcase name="ServiceProviderOtherSearch" time="26.58" classname="TSC.TSC_Framework_ServiceProvider.serviceproviderprofile_OtherSearch"/>
  <testcase name="ServiceProviderProfileUpdate" time="22.639" classname="TSC.TSC_Framework_ServiceProvider.serviceproviderprofile_OtherSearch"/>
</testsuite> <!-- Test -->
