<?xml version="1.0" encoding="UTF-8"?>
<!-- Generated by org.testng.reporters.JUnitXMLReporter -->
<testsuite hostname="RIPLBRD48" ignored="0" name="employee" tests="7" failures="0" timestamp="08 Apr 2019 07:45:25 GMT" time="139.539" errors="0">
  <testcase name="View_UploadJob_Edit_close" time="24.233" classname="TSC_Framework_AllTestCase.Employee_TestCase"/>
  <testcase name="EmpLoginandOtherSearch" time="15.146" classname="TSC_Framework_AllTestCase.Employee_TestCase"/>
  <testcase name="EmpLoginJobsupportingfileupload" time="10.95" classname="TSC_Framework_AllTestCase.Employee_TestCase"/>
  <testcase name="EmpLoginandsearchforJobseeker" time="9.522" classname="TSC_Framework_AllTestCase.Employee_TestCase"/>
  <testcase name="EmpprofileviewJobs" time="23.036" classname="TSC_Framework_AllTestCase.Employee_TestCase"/>
  <testcase name="ViewOpenJob_Remove" time="7.759" classname="TSC_Framework_AllTestCase.Employee_TestCase"/>
  <testcase name="Logout" time="18.935" classname="TSC_Framework_AllTestCase.Employee_TestCase"/>
</testsuite> <!-- employee -->
