<?xml version="1.0" encoding="UTF-8"?>
<!-- Generated by org.testng.reporters.JUnitXMLReporter -->
<testsuite hostname="RIPLBRD48" ignored="0" name="loginwithValidation" tests="4" failures="0" timestamp="02 Apr 2019 07:50:49 GMT" time="69.096" errors="0">
  <testcase name="EmpLoginWithValidIdAndPassword" time="29.064" classname="TSC_Framework_Employer.employeeLoginwithvaldn$EmployeeLogin"/>
  <testcase name="EmpLoginWithEmailFieldBlank" time="14.613" classname="TSC_Framework_Employer.employeeLoginwithvaldn$EmployeeLogin"/>
  <testcase name="EmpLoginWithPasswordFieldBlank" time="8.337" classname="TSC_Framework_Employer.employeeLoginwithvaldn$EmployeeLogin"/>
  <testcase name="EmpLoginWithInvalidIdAndPassword" time="8.992" classname="TSC_Framework_Employer.employeeLoginwithvaldn$EmployeeLogin"/>
</testsuite> <!-- loginwithValidation -->
