<?xml version="1.0" encoding="UTF-8"?>
<!-- Generated by org.testng.reporters.JUnitXMLReporter -->
<testsuite hostname="RIPLBRD48" ignored="0" name="Test" tests="4" failures="0" timestamp="26 Dec 2018 05:02:13 GMT" time="58.022" errors="0">
  <testcase name="EmpLoginWithValidIdAndPassword" time="26.677" classname="TSC_Framework_Employer.employeeLoginwithvaldn$EmployeeLogin"/>
  <testcase name="EmpLoginWithEmailFieldBlank" time="6.988" classname="TSC_Framework_Employer.employeeLoginwithvaldn$EmployeeLogin"/>
  <testcase name="EmpLoginWithPasswordFieldBlank" time="8.092" classname="TSC_Framework_Employer.employeeLoginwithvaldn$EmployeeLogin"/>
  <testcase name="EmpLoginWithInvalidIdAndPassword" time="9.437" classname="TSC_Framework_Employer.employeeLoginwithvaldn$EmployeeLogin"/>
</testsuite> <!-- Test -->
