<?xml version="1.0" encoding="UTF-8"?>
<!-- Generated by org.testng.reporters.JUnitXMLReporter -->
<testsuite hostname="RIPLBRD48" ignored="1" name="EmployeReg" tests="2" failures="0" timestamp="26 Dec 2018 05:52:26 GMT" time="48.321" errors="0">
  <testcase name="EmpLogin" time="18.564" classname="TSC_Framework_Employer.EmployeeLogin"/>
  <testcase name="EmpRegister" time="13.715" classname="TSC_Framework_Employer.Employeerregistaration"/>
  <testcase name="@AfterTest closebrowser" time="0.0" classname="TSC.TSC_Framework_TestBase.TestBase">
    <ignored/>
  </testcase> <!-- @AfterTest closebrowser -->
</testsuite> <!-- EmployeReg -->
