<?xml version="1.0" encoding="UTF-8"?>
<!-- Generated by org.testng.reporters.JUnitXMLReporter -->
<testsuite hostname="RIPLBRD48" ignored="0" name="Test" tests="2" failures="0" timestamp="22 Nov 2018 05:44:52 GMT" time="67.615" errors="0">
  <testcase name="ServiceProviderOtherSearch" time="27.482" classname="TSC.TSC_Framework_ServiceProvider.serviceproviderprofile_OtherSearch"/>
  <testcase name="ServiceProviderProfileUpdate" time="21.742" classname="TSC.TSC_Framework_ServiceProvider.serviceproviderprofile_OtherSearch"/>
</testsuite> <!-- Test -->
