<?xml version="1.0" encoding="UTF-8"?>
<!-- Generated by org.testng.reporters.JUnitXMLReporter -->
<testsuite hostname="RIPLBRD48" ignored="3" name="Jobseeker" tests="4" failures="0" timestamp="16 Nov 2018 05:47:54 GMT" time="133.54" errors="0">
  <testcase name="inviteee" time="36.874" classname="TSC_Framework_JobSeeker.jobseekerInvitee"/>
  <testcase name="Registration" time="12.566" classname="TSC_Framework_JobSeeker.JobseekerRegistration"/>
  <testcase name="LoginAsValidEmailidAndPassowrd" time="27.144" classname="TSC_Framework_JobSeeker.Jobseekerlogin"/>
  <testcase name="viewprofile" time="25.642" classname="TSC_Framework_JobSeeker.JobSeekerMyProfile"/>
  <testcase name="@AfterTest closebrowser" time="0.0" classname="TSC.TSC_Framework_TestBase.TestBase">
    <ignored/>
  </testcase> <!-- @AfterTest closebrowser -->
  <testcase name="@AfterTest closebrowser" time="0.0" classname="TSC.TSC_Framework_TestBase.TestBase">
    <ignored/>
  </testcase> <!-- @AfterTest closebrowser -->
  <testcase name="@AfterTest closebrowser" time="0.0" classname="TSC.TSC_Framework_TestBase.TestBase">
    <ignored/>
  </testcase> <!-- @AfterTest closebrowser -->
</testsuite> <!-- Jobseeker -->
